<?xml version="1.0" encoding="UTF-8"?>
<!-- Generated by org.testng.reporters.JUnitReportReporter -->
<testsuite hostname="DESKTOP-INPJBSU" failures="0" tests="2" name="com.SauceDemo.TestClasses.VerifyAddtoCartMultiProducts" time="101.080" errors="0" timestamp="2022-08-06T01:57:01 IST" skipped="0">
  <testcase classname="com.SauceDemo.TestClasses.VerifyAddtoCartMultiProducts" name="addtocartMultiproducts" time="39.748"/>
  <system-out/>
  <testcase classname="com.SauceDemo.TestClasses.VerifyAddtoCartMultiProducts" name="addtocartMultiproducts" time="61.332"/>
  <system-out/>
</testsuite> <!-- com.SauceDemo.TestClasses.VerifyAddtoCartMultiProducts -->
