<?xml version="1.0" encoding="UTF-8"?>
<!-- Generated by org.testng.reporters.JUnitReportReporter -->
<testsuite hostname="DESKTOP-INPJBSU" failures="0" tests="2" name="com.SauceDemo.TestClasses.VerifyAddToCartProducts" time="100.007" errors="0" timestamp="2022-08-06T01:57:01 IST" skipped="0">
  <testcase classname="com.SauceDemo.TestClasses.VerifyAddToCartProducts" name="addtocart" time="61.201"/>
  <system-out/>
  <testcase classname="com.SauceDemo.TestClasses.VerifyAddToCartProducts" name="addtocart" time="38.806"/>
  <system-out/>
</testsuite> <!-- com.SauceDemo.TestClasses.VerifyAddToCartProducts -->
