<?xml version="1.0" encoding="UTF-8"?>
<!-- Generated by org.testng.reporters.JUnitReportReporter -->
<testsuite hostname="DESKTOP-INPJBSU" failures="0" tests="2" name="com.SauceDemo.TestClasses.VerifyHomePage" time="100.763" errors="0" timestamp="2022-08-06T01:57:01 IST" skipped="0">
  <testcase classname="com.SauceDemo.TestClasses.VerifyHomePage" name="homepage" time="61.188"/>
  <system-out/>
  <testcase classname="com.SauceDemo.TestClasses.VerifyHomePage" name="homepage" time="39.575"/>
  <system-out/>
</testsuite> <!-- com.SauceDemo.TestClasses.VerifyHomePage -->
