<?xml version="1.0" encoding="UTF-8"?>
<!-- Generated by org.testng.reporters.JUnitReportReporter -->
<testsuite hostname="DESKTOP-INPJBSU" failures="0" tests="2" name="com.SauceDemo.TestClasses.VerifyLogOut" time="99.848" errors="0" timestamp="2022-08-06T01:57:01 IST" skipped="0">
  <testcase classname="com.SauceDemo.TestClasses.VerifyLogOut" name="Logout" time="38.689"/>
  <system-out/>
  <testcase classname="com.SauceDemo.TestClasses.VerifyLogOut" name="Logout" time="61.159"/>
  <system-out/>
</testsuite> <!-- com.SauceDemo.TestClasses.VerifyLogOut -->
